[www.farmfundr.com/index.html]
[backblue.gif]
[fade.gif]
[index.html]
[uploads-ssl.webflow.com/5e5717f4fa858f1cafb8c9cc/css/farmfundr.webflow.01f2beadc.css]
[ajax.googleapis.com/ajax/libs/webfont/1.6.26/webfont.js]
[uploads-ssl.webflow.com/5e5717f4fa858f1cafb8c9cc/5e5dca5f2c687c059a213370_FF_Icon_Small.png]
[uploads-ssl.webflow.com/5e5717f4fa858f1cafb8c9cc/5e5dca642c687c5e72213375_FF_Icon_Large.png]
[connect.facebook.net/en_US/fbevents.js]
[uploads-ssl.webflow.com/5e5717f4fa858f1cafb8c9cc/5e59a0c0a67bd6d170e34c37_FarmFundrLogo-01.png]
[www.farmfundr.com/property.html]
[www.farmfundr.com/guide-to-investing-in-agriculture.html]
[www.farmfundr.com/category/blog.html]
[www.farmfundr.com/about-us.html]
[www.farmfundr.com/faqs.html]
[www.farmfundr.com/media.html]
[www.farmfundr.com/custom-farmland-investments.html]
[uploads-ssl.webflow.com/5e5717f4fa858f1cafb8c9cc/5e5ff19d7e7d8f479e62adc3_down-arrow.png]
[uploads-ssl.webflow.com/5e5717f4fa858f1cafb8c9cc/5e609d4330fed60037d6b4fa_Splitting Almonds.png]
[uploads-ssl.webflow.com/5e5717f4fa858f1cafb8c9cc/5e62b3c758df44bfab6c7066_planet-earth.png]
[uploads-ssl.webflow.com/5e5717f4fa858f1cafb8c9cc/5e62b3c76f97347912858a5b_fruit (1).png]
[uploads-ssl.webflow.com/5e5717f4fa858f1cafb8c9cc/5e62b3c858df44d64f6c7067_stock.png]
[uploads-ssl.webflow.com/5e5717f4fa858f1cafb8c9cc/5e62103f9ca437857c079a1b_land.png]
[uploads-ssl.webflow.com/5e5717f4fa858f1cafb8c9cc/5e62b3c71505d93ced19d91c_money.png]
[uploads-ssl.webflow.com/5e5717f4fa858f1cafb8c9cc/5e62b469de4a9fceb1cb6bac_lock.png]
[uploads-ssl.webflow.com/5e5717f4fa858f1cafb8c9cc/5e62a14858df44920c6c01c7_US FARMLAND NCREIF Total Return Index.png]
[uploads-ssl.webflow.com/5e5717f4fa858f1cafb8c9cc/5e5ef7488833e301a7465aba_WhiteLeaf-01.png]
[uploads-ssl.webflow.com/5e5717f4fa858f1cafb8c9cc/5e62103f7b1e8370a8d33030_population (2).png]
[uploads-ssl.webflow.com/5e5717f4fa858f1cafb8c9cc/5e621041452770fa11454f60_tree (1).png]
[uploads-ssl.webflow.com/5e5717f4fa858f1cafb8c9cc/5e621041b81ddc2886130208_money.png]
[uploads-ssl.webflow.com/5e5717f4fa858f1cafb8c9cc/5e5717f541472a436e58be50_facebook-logo-1_1.png]
[uploads-ssl.webflow.com/5e5717f4fa858f1cafb8c9cc/5e5717f541472a800058bf2f_twitter.png]
[uploads-ssl.webflow.com/5e5717f4fa858f1cafb8c9cc/5e5dcdf52c687cce86214490_Instagram_InvestinFarming.png]
[uploads-ssl.webflow.com/5e5717f4fa858f1cafb8c9cc/5e5717f541472a24af58bfc9_Pinterest.png]
[d3e54v103j8qbb.cloudfront.net/js/jquery-3.5.1.min.dc5e7f18c89848.js]
[www.farmfundr.com/index.html]
[uploads-ssl.webflow.com/5e5717f4fa858f1cafb8c9cc/js/webflow.afc7bb8e8.js]
[uploads-ssl.webflow.com/5e5717f4fa858f1cafb8c9cc/5e5717f541472a109f58bdfd_julentto-photography-184055.jpg]
[uploads-ssl.webflow.com/5e5717f4fa858f1cafb8c9cc/5e5717f541472abc4858bdcb_slide1.jpg]
[uploads-ssl.webflow.com/5e5717f4fa858f1cafb8c9cc/5e5717f541472a5c6b58c00a_Dollarphotoclub_56332376-min.jpg]
[uploads-ssl.webflow.com/5e5717f4fa858f1cafb8c9cc/5e609d4b6f0e6822708f466d_Farmer on Phone with Icons surrounding.png]
[uploads-ssl.webflow.com/5e5717f4fa858f1cafb8c9cc/5e5717f541472a611058c03a_photo-1468387576571-ee44d4c52d82_1.jpg]
[uploads-ssl.webflow.com/5e5717f4fa858f1cafb8c9cc/5e5717f541472aa83958c007_342343.jpg]
[uploads-ssl.webflow.com/5e5717f4fa858f1cafb8c9cc/5e5717f541472a279458bff0_hikersbay-hikersbay-3503.jpg]
[uploads-ssl.webflow.com/5e5717f4fa858f1cafb8c9cc/5e7403080675497f36c82880_Hand Graphic _ Collect-Screen.png]
[uploads-ssl.webflow.com/5e5717f4fa858f1cafb8c9cc/5e5717f541472a58e758bff9_julian-mora-141920.jpg]
[uploads-ssl.webflow.com/5e5717f4fa858f1cafb8c9cc/5e5717f541472a554158bddc_people-silhouettes-60s-crowd-dTPGK3-clipart.png]
[uploads-ssl.webflow.com/5e5717f4fa858f1cafb8c9cc/5e5717f541472ab4b558be78_photo-09.jpg]
[uploads-ssl.webflow.com/5e5717f4fa858f1cafb8c9cc/5e5717f541472a8d5758c038_rsoxw9x-suy-kaleb-nimz-1.jpg]
[uploads-ssl.webflow.com/5e5717f4fa858f1cafb8c9cc/5e5717f541472a267458bfe8_philipp-reiner-686.jpg]
[uploads-ssl.webflow.com/5e5717f4fa858f1cafb8c9cc/5e609d5c46e6b86606ce552d_Large Family Backs Turned.png]
[uploads-ssl.webflow.com/5e5717f4fa858f1cafb8c9cc/5e5717f541472a51f758bf33_tomo-nogi-182913.jpg]
[uploads-ssl.webflow.com/5e5717f4fa858f1cafb8c9cc/5e5717f541472a1ec858be0c_rmp3qc71x10-jose-urbano.jpg]
[uploads-ssl.webflow.com/5e5717f4fa858f1cafb8c9cc/5e5717f541472a5b2358c039_david-marcu-114194.jpg]
[uploads-ssl.webflow.com/5e5717f4fa858f1cafb8c9cc/5e609d626f0e686d8e8f46d6_Disking Aerial.png]
[uploads-ssl.webflow.com/5e5717f4fa858f1cafb8c9cc/5e609d4a6f0e68ed128f4668_Farmer Checking Leafy Plant.png]
[uploads-ssl.webflow.com/5e5717f4fa858f1cafb8c9cc/5e5717f541472a546f58be3d_andrew-jasso-155771.jpg]
[uploads-ssl.webflow.com/5e5717f4fa858f1cafb8c9cc/5e5717f541472a1bbf58bed8_mapgray.png]
[uploads-ssl.webflow.com/5e5717f4fa858f1cafb8c9cc/5e6206dcdbb4cf7d3874c50c_image.jpg]
[uploads-ssl.webflow.com/5e5717f4fa858f1cafb8c9cc/5e5717f541472a0e8f58bf47_luca-baggio-112868.jpg]
[uploads-ssl.webflow.com/5e5717f4fa858f1cafb8c9cc/5e5717f541472ab5c958bf32_dqento8twsq-blake-richard-verdoorn.jpg]
[uploads-ssl.webflow.com/5e5717f4fa858f1cafb8c9cc/5e5717f541472a91de58bf9b_o0rzkkl072u-david-marcu.jpg]
[uploads-ssl.webflow.com/5e5717f4fa858f1cafb8c9cc/5e609d59df9df88a4eeac576_Green Field.png]
[uploads-ssl.webflow.com/5e5717f4fa858f1cafb8c9cc/5e5717f541472af3d058bff3_hgv_woqnp3y-aaron-benson.jpg]
[uploads-ssl.webflow.com/5e5717f4fa858f1cafb8c9cc/5e5717f541472a5f5e58be58_andy-brunner-14324.jpg]
[uploads-ssl.webflow.com/5e5717f4fa858f1cafb8c9cc/5e5717f541472a33c758be5b_5907a31fa7d5b130d67a07e0_breno-machado-15030.jpg]
[uploads-ssl.webflow.com/5e5717f4fa858f1cafb8c9cc/5e601c7d6a9df844ad2028ee_HandshakeDirtBackgroundTractor.jpg]
[uploads-ssl.webflow.com/5e5717f4fa858f1cafb8c9cc/5e5717f541472a6f6658c005_david-marcu-114194.jpg]
[uploads-ssl.webflow.com/5e5717f4fa858f1cafb8c9cc/5e5717f541472a741a58c008_edewaa-foster-17093.jpg]
[uploads-ssl.webflow.com/5e5717f4fa858f1cafb8c9cc/5e5dc2a72c687c86ea20fb72_SunsetHandshake.jpg]
[uploads-ssl.webflow.com/5e5717f4fa858f1cafb8c9cc/5e5dc410afa1fe22c40e2fbb_InvestInFarmland_SunsetOverField.jpg]
[uploads-ssl.webflow.com/5e5717f4fa858f1cafb8c9cc/5e5717f541472a237d58c030_sdmm_xh3bcu-aaron-benson.jpg]
[uploads-ssl.webflow.com/5e5717f4fa858f1cafb8c9cc/5e609d4f2f81092f510e78bf_Money in Dirt in Hands.png]
[uploads-ssl.webflow.com/5e5717f4fa858f1cafb8c9cc/5e5ea60a27f166629dfbf8e2_Yellow Field Blue Sky.png]
[uploads-ssl.webflow.com/5e5717f4fa858f1cafb8c9cc/5e609d666f0e68db218f4718_Green and Brown Row Crop.png]
[uploads-ssl.webflow.com/5e5717f4fa858f1cafb8c9cc/5e6097d22f810907050e5420_Yellow Field Vivid Clouds.png]
[uploads-ssl.webflow.com/5e5717f4fa858f1cafb8c9cc/5e5717f541472aaff558beba_team-3.jpg]
[uploads-ssl.webflow.com/5e5717f4fa858f1cafb8c9cc/5e5717f541472ae37d58bf51_team-2.jpg]
[uploads-ssl.webflow.com/5e5717f4fa858f1cafb8c9cc/5e5717f541472ae65858bf14_team-1.jpg]
[uploads-ssl.webflow.com/5e5717f4fa858f1cafb8c9cc/5e5717f541472a3dcf58bddb_photo-1428677361686-f9d23be145c9.jpg]
[uploads-ssl.webflow.com/5e5717f4fa858f1cafb8c9cc/5e5717f541472a6b8b58bde0_photo-1428677361686-f9d23be145c9.jpg]
[uploads-ssl.webflow.com/5e5717f4fa858f1cafb8c9cc/5e5717f541472a6b7b58be48_572684e92f3e6fea5d020828_play.png]
[uploads-ssl.webflow.com/5e5717f4fa858f1cafb8c9cc/5e5717f541472a4c3458bf5d_shutterstock_326637644.jpg]
[uploads-ssl.webflow.com/5e5717f4fa858f1cafb8c9cc/5e5717f541472a350558be77_luca-baggio-112868.jpg]
[uploads-ssl.webflow.com/5e5717f4fa858f1cafb8c9cc/5e609d6146e6b82412ce5531_Row Crop with Tree.png]
[uploads-ssl.webflow.com/5e5717f4fa858f1cafb8c9cc/5e5717f541472ac42558bfc2_dqento8twsq-blake-richard-verdoorn.jpg]
[uploads-ssl.webflow.com/5e5717f4fa858f1cafb8c9cc/5e5717f541472a46c558c034_martin-burdon-178543.jpg]
[uploads-ssl.webflow.com/5e5717f4fa858f1cafb8c9cc/5e5717f541472a2ac058c031_n-sxa8vegdk-ales-krivec_1.jpg]
[uploads-ssl.webflow.com/5e5717f4fa858f1cafb8c9cc/5e5717f541472a0f8858c035_c-lad9xizbg-tim-gouw_1.jpg]
[uploads-ssl.webflow.com/5e5717f4fa858f1cafb8c9cc/5e5717f541472a32d258c036_hgv_woqnp3y-aaron-benson.jpg]
[uploads-ssl.webflow.com/5e5717f4fa858f1cafb8c9cc/5e5dcbe63f2bf9c355d1a839_HandTouchingWheat.jpg]
[uploads-ssl.webflow.com/5e5717f4fa858f1cafb8c9cc/5e5717f541472a573e58bfd7_stock-photo-collage-of-smiling-multi-ethnic-group-of-business-people-on-gray-background-561909199.jpg]
[uploads-ssl.webflow.com/5e5717f4fa858f1cafb8c9cc/5e5717f541472a04d158c046_59d8fd4603aac4000154122e_42442.png]
[uploads-ssl.webflow.com/5e5717f4fa858f1cafb8c9cc/5e5ea8398293fd8fa87b388f_Row Crop.png]
[uploads-ssl.webflow.com/5e5717f4fa858f1cafb8c9cc/5e5717f541472a06eb58be3b_Team2.jpg]
[uploads-ssl.webflow.com/5e5717f4fa858f1cafb8c9cc/5e5717f541472ae42358be35_Team3.jpg]
[uploads-ssl.webflow.com/5e5717f4fa858f1cafb8c9cc/5e5717f541472a45dc58be34_Team4.jpg]
[uploads-ssl.webflow.com/5e5717f4fa858f1cafb8c9cc/5e5717f541472ab8b458be3a_Team5.jpg]
[uploads-ssl.webflow.com/5e5717f4fa858f1cafb8c9cc/5e5717f541472a9d3658be1e_Team1.jpg]
[uploads-ssl.webflow.com/5e5717f4fa858f1cafb8c9cc/5e5717f541472a9c9358be60_Team6.jpg]
[uploads-ssl.webflow.com/5e5717f4fa858f1cafb8c9cc/5e5717f541472a6a8c58be14_Team7.jpg]
[uploads-ssl.webflow.com/5e5717f4fa858f1cafb8c9cc/5e5717f541472a783b58be36_Team8.jpg]
[uploads-ssl.webflow.com/5e5717f4fa858f1cafb8c9cc/5e5717f541472a22e958bdc3_philipp-reiner-686.jpg]
[uploads-ssl.webflow.com/5e5717f4fa858f1cafb8c9cc/5e5717f541472ae68558c021_12345.jpg]
[uploads-ssl.webflow.com/5e5717f4fa858f1cafb8c9cc/5e61e7d5b81ddc48eb121a3f_IMG_1122.jpg]
[uploads-ssl.webflow.com/5e5717f4fa858f1cafb8c9cc/5e61ef0ab81ddc8c47123ac0_BrandonAndInvestor.jpg]
[uploads-ssl.webflow.com/5e5717f4fa858f1cafb8c9cc/5e5717f541472ad24258c03c_5907a46fd990625129a9fd50_clarisse-meyer-152699.jpg]
[uploads-ssl.webflow.com/5e5717f4fa858f1cafb8c9cc/5e5717f541472abaa258c009_5592c53bfba0207d12ac7c9b_3361b5e1.jpg]
[uploads-ssl.webflow.com/5e5717f4fa858f1cafb8c9cc/5e5717f541472a6d9758c01a_slide-1.jpg]
[uploads-ssl.webflow.com/5e5717f4fa858f1cafb8c9cc/5e5717f541472a2dee58bfb4_White_modalNormal.png]
[uploads-ssl.webflow.com/5e5717f4fa858f1cafb8c9cc/5e5717f541472a137058c020_shutterstock_178724276.jpg]
[uploads-ssl.webflow.com/5e5717f4fa858f1cafb8c9cc/5e5717f541472a3bf858bdb4_mapgray.png]
[uploads-ssl.webflow.com/5e5717f4fa858f1cafb8c9cc/5e5717f541472ae34a58be21_Collazh.jpg]
[uploads-ssl.webflow.com/5e5717f4fa858f1cafb8c9cc/5e5db75489e25b60f3181a87_agriculture-arable-barley.jpg]
[uploads-ssl.webflow.com/5e5717f4fa858f1cafb8c9cc/5e609d616f0e6870648f46cb_Row Crop with Hills in Background.png]
[uploads-ssl.webflow.com/5e5717f4fa858f1cafb8c9cc/5e5717f541472ac43058bdd5_photo-1428677361686-f9d23be145c9.jpg]
[uploads-ssl.webflow.com/5e5717f4fa858f1cafb8c9cc/5e5717f541472a644858bfd3_photo-1468387576571-ee44d4c52d82.jpg]
[uploads-ssl.webflow.com/5e5717f4fa858f1cafb8c9cc/5e5717f541472a2f8858be75_o0rzkkl072u-david-marcu.jpg]
[uploads-ssl.webflow.com/5e5717f4fa858f1cafb8c9cc/5e5717f541472a57f458bebf_dgtrkzooe0w-ales-krivec.jpg]
[uploads-ssl.webflow.com/5e5717f4fa858f1cafb8c9cc/5e5717f541472a123258be9e_c-lad9xizbg-tim-gouw.jpg]
[uploads-ssl.webflow.com/5e5717f4fa858f1cafb8c9cc/5e5717f541472a79cd58bf27_ucywe5mztmu-jeremy-cai.jpg]
[uploads-ssl.webflow.com/5e5717f4fa858f1cafb8c9cc/5e609d56afff6556db993816_Two Farmers.png]
[uploads-ssl.webflow.com/5e5717f4fa858f1cafb8c9cc/5e5717f541472ad4e058bfd5_121231.jpg]
[uploads-ssl.webflow.com/5e5717f4fa858f1cafb8c9cc/5e609b292f8109f47f0e6529_Four Fields Merge.png]
[uploads-ssl.webflow.com/5e5717f4fa858f1cafb8c9cc/css/farmfundr.webflow.01f2beadc.css]
[connect.facebook.net/en_US/fbevents.js]
[uploads-ssl.webflow.com/5e5717f4fa858f1cafb8c9cc/5e59a0a50e170610f872145d_FF-Logo-White-01.png]
[uploads-ssl.webflow.com/5e5717f541472a2c2b58bd84/5e7148a3b866678e23e414ce_FarmFundr1.png]
[uploads-ssl.webflow.com/5e5717f541472a2c2b58bd84/5e7148944b7b89e4becc9780_460016f4b89c3c7933e6331def6a9650.png]
[uploads-ssl.webflow.com/5e5717f541472a2c2b58bd84/5e71303feaa45e01fbcce722_california-produce_1426-936.jpg]
[www.farmfundr.com/property.html]
[uploads-ssl.webflow.com/5e5717f4fa858f1cafb8c9cc/5e5717f541472a281958bee3_check.png]
[uploads-ssl.webflow.com/5e5717f4fa858f1cafb8c9cc/5e66819a7f289e6604b22625_Farmland-As-an-Investment.png]
[uploads-ssl.webflow.com/5e5717f4fa858f1cafb8c9cc/5e66833f0f50a8f49a3593f9_Investment-Opportunity-Comparison-1024x576.png]
[www.farmfundr.com/blog/farmland-reit-vs-crowdfunding.html]
[www.farmfundr.com/blog/california-agriculture.html]
[www.farmfundr.com/blog/recession-proof-investment.html]
[www.farmfundr.com/blog/investing-in-california-almonds.html]
[uploads-ssl.webflow.com/5e5717f4fa858f1cafb8c9cc/5e66b4c0f8ecb5d110f8c412_FarmlandInvestingForEveryone.png]
[www.farmfundr.com/blog/why-california-is-the-leading-state-in-agriculture.html]
[www.farmfundr.com/blog/how-to-identify-a-solid-long-term-investment.html]
[www.farmfundr.com/guide-to-investing-in-agriculture.html]
[www.farmfundr.com/blog/the-time-to-invest-in-americas-limited-farmland-is-now.html]
[www.farmfundr.com/blog/farmland-investing-terms.html]
[www.farmfundr.com/blog/almond-orchard-investment.html]
[www.farmfundr.com/blog/economic-benefits-of-investing-in-agriculture.html]
[www.farmfundr.com/blog/how-to-spot-the-best-farmland-crowdfunding-opportunities.html]
[www.farmfundr.com/blog/unique-investments.html]
[www.farmfundr.com/blog/investing-in-agriculture.html]
[www.farmfundr.com/blog/passive-farm-income.html]
[www.farmfundr.com/blog/farmland-etfs.html]
[www.farmfundr.com/blog/agriculture-opportunity-zones-in-2019.html]
[www.farmfundr.com/blog/tax-benefits-agricultural-investments.html]
[www.farmfundr.com/category/blog.html]
[uploads-ssl.webflow.com/5e5717f4fa858f1cafb8c9cc/5e61f3ee45277003d044b043_BrandonAndInvestor.jpg]
[uploads-ssl.webflow.com/5e5717f4fa858f1cafb8c9cc/5e62e211b6815ff52c1e8390_Hil2.png]
[uploads-ssl.webflow.com/5e5717f4fa858f1cafb8c9cc/5f08a5de97aa1c37234f7faa_unnamed.jpg]
[uploads-ssl.webflow.com/5e5717f4fa858f1cafb8c9cc/5e62e00851beefff11bdce35_richardcookweb.jpg]
[www.farmfundr.com/about-us.html]
[www.farmfundr.com/faqs.html]
[uploads-ssl.webflow.com/5e5717f4fa858f1cafb8c9cc/5e741f5aba97007e1244ec3c_1_ACt6Ff0J7wEdExDLd91C7g.png]
[uploads-ssl.webflow.com/5e5717f4fa858f1cafb8c9cc/5e741f5bba9700574444ec3d_kfsn_icon.png]
[uploads-ssl.webflow.com/5e5717f4fa858f1cafb8c9cc/5e741f5935e3637264ada62e_ellieperlman.png]
[uploads-ssl.webflow.com/5e5717f4fa858f1cafb8c9cc/5e741f5c23227e93230a300a_mapablelogo4.png]
[uploads-ssl.webflow.com/5e5717f4fa858f1cafb8c9cc/5e741f5a4367c9f8c5ca3d27_AFNLogo_Black-1-300x135-300x135.png]
[uploads-ssl.webflow.com/5e5717f4fa858f1cafb8c9cc/5e752101adfe6c25a316e501_joe-fairless-logo-2.png]
[uploads-ssl.webflow.com/5e5717f4fa858f1cafb8c9cc/5f08a742c898486096541a2d_real-estate-investing-for-cash-flow-with-kevin-bupp.png]
[uploads-ssl.webflow.com/5e5717f4fa858f1cafb8c9cc/5f08a7e17c02bc2b91d57bf1_RocketDollar-Logo.png]
[www.farmfundr.com/media.html]
[www.farmfundr.com/custom-farmland-investments.html]
[www.farmfundr.com/blog/rss.xml]
[uploads-ssl.webflow.com/5e5717f541472a2c2b58bd84/5e5ea222d4f70f0251114438_Coin and plant growing in dirt.png]
[www.farmfundr.com/blog/farmland-reit-vs-crowdfunding.html]
[uploads-ssl.webflow.com/5e5717f541472a2c2b58bd84/5e5ea3c439b80a15935fd74e_Farmer Flying drone.png]
[uploads-ssl.webflow.com/5e5717f541472a2c2b58bd84/5e5ebbb141c9dbeefbdb363f_unnamed.png]
[uploads-ssl.webflow.com/5e5717f541472a2c2b58bd84/5e5d92d42c687ce32a1f578a_AquaOso.png]
[www.farmfundr.com/blog/california-agriculture.html]
[uploads-ssl.webflow.com/5e5717f541472a2c2b58bd84/5e5ea325950e7f35c758f6fd_Yellow Field Blue Sky.png]
[www.farmfundr.com/blog/recession-proof-investment.html]
[uploads-ssl.webflow.com/5e5717f541472a2c2b58bd84/5e5ea338f9286d28f42d934d_Splitting Almonds.png]
[uploads-ssl.webflow.com/5e5717f541472a2c2b58bd84/5e5d98a889e25b6b73172942_ALL-ABOUT-ALMONDS-1-768x3120-1.png]
[www.farmfundr.com/blog/investing-in-california-almonds.html]
[uploads-ssl.webflow.com/5e5717f541472a2c2b58bd84/5f44554fcf6ebc559629bdf4_Blog Image - 100x669 (3).png]
[www.farmfundr.com/blog/why-california-is-the-leading-state-in-agriculture.html]
[uploads-ssl.webflow.com/5e5717f541472a2c2b58bd84/5f3c6e0aed1602151d9bdaeb_Blog Image - 100x669 (2).png]
[www.farmfundr.com/blog/how-to-identify-a-solid-long-term-investment.html]
[uploads-ssl.webflow.com/5e5717f541472a2c2b58bd84/5f35a1c1d9a1460290f43102_Blog Image - 100x669 (1).png]
[www.farmfundr.com/blog/the-time-to-invest-in-americas-limited-farmland-is-now.html]
[uploads-ssl.webflow.com/5e5717f541472a2c2b58bd84/5ede8ba787a0cef199a78b5b_Copy of Copy of Untitled (1).jpg]
[www.farmfundr.com/blog/farmland-investing-terms.html]
[uploads-ssl.webflow.com/5e5717f541472a2c2b58bd84/5e7165bb97c43efcb1d34d97_Blog Image - 100x669.png]
[uploads-ssl.webflow.com/5e5717f541472a2c2b58bd84/5e710b216a8792394805838b_FarmFundr   Details.png]
[uploads-ssl.webflow.com/5e5717f541472a2c2b58bd84/5e71070fe5acdcc02a10ce74_87950672_636792020225900_7620663140191043584_n.jpg]
[www.farmfundr.com/blog/almond-orchard-investment.html]
[uploads-ssl.webflow.com/5e5717f541472a2c2b58bd84/5e5ea4aa27f16625befbf043_AnalyzingBusiness.png]
[www.farmfundr.com/blog/economic-benefits-of-investing-in-agriculture.html]
[uploads-ssl.webflow.com/5e5717f541472a2c2b58bd84/5e5ea4ccf434f289b1967247_Two Farmers.png]
[www.farmfundr.com/blog/how-to-spot-the-best-farmland-crowdfunding-opportunities.html]
[uploads-ssl.webflow.com/5e5717f541472a2c2b58bd84/5e5ea2faf9286d5e532d92f3_iphone charts indoor plants.png]
[www.farmfundr.com/blog/unique-investments.html]
[uploads-ssl.webflow.com/5e5717f541472a2c2b58bd84/5e5ea2ae85ba3fecd2509294_Farmer and Investor in Citrus.png]
[uploads-ssl.webflow.com/5e5717f541472a2c2b58bd84/5e5d9b1bb13fe43cc2481990_graph-300x225.png]
[uploads-ssl.webflow.com/5e5717f541472a2c2b58bd84/5e5d9b1b3f2bf9f7acd02784_12percent-300x204.png]
[uploads-ssl.webflow.com/5e5717f541472a2c2b58bd84/5e5d9a923f2bf9e608d01ed0_Almond-208x300.png]
[uploads-ssl.webflow.com/5e5717f541472a2c2b58bd84/5e5d9a92afa1fe4e210d054b_Row-208x300.png]
[uploads-ssl.webflow.com/5e5717f541472a2c2b58bd84/5e5d9a921bb9f89e422e8e94_Pistachio-208x300.png]
[www.farmfundr.com/blog/investing-in-agriculture.html]
[uploads-ssl.webflow.com/5e5717f541472a2c2b58bd84/5e5ea278f9286d28dc2d9160_MoneyGrowinginTree.png]
[www.farmfundr.com/blog/passive-farm-income.html]
[uploads-ssl.webflow.com/5e5717f541472a2c2b58bd84/5e5ea25af9286d60062d90d3_Farmer Touching Phone.png]
[www.farmfundr.com/blog/farmland-etfs.html]
[uploads-ssl.webflow.com/5e5717f541472a2c2b58bd84/5e5ea1c3c849543d5129e261_Four Fields Merge.png]
[www.farmfundr.com/blog/agriculture-opportunity-zones-in-2019.html]
[uploads-ssl.webflow.com/5e5717f541472a2c2b58bd84/5e5ea19a552a60a57bcdd19c_Calculating_Taxes.png]
[www.farmfundr.com/blog/tax-benefits-agricultural-investments.html]
[www.farmfundr.com/find-funding.html]
[www.farmfundr.com/contact-us.html]
[www.farmfundr.com/_https_/uploads-ssl.webflow.com/5e5717f4fa858f1cafb8c9cc/5e59a3ba2089e5a0bc82d59c_AlmondTreesFlyover-poster-00001.html]
[www.farmfundr.com/licensing.html]
[www.farmfundr.com/POST.html]
[www.farmfundr.com/blog/investments-in-agriculture-tax-benefits.html]
[www.farmfundr.com/register.html]
[www.farmfundr.com/blog/pistachio-development-in-california.html]
[www.farmfundr.com/_https_/uploads-ssl.webflow.com/5e5717f541472a2c2b58bd84/5f4ec6880b295a86754b1cd7_1.html]
[www.farmfundr.com/_https_/uploads-ssl.webflow.com/5e5717f541472a2c2b58bd84/5f44554fcf6ebc559629bdf4_Blog Image - 100x669 (3.html]
[www.farmfundr.com/_https_/uploads-ssl.webflow.com/5e5717f541472a2c2b58bd84/5f3c6e0aed1602151d9bdaeb_Blog Image - 100x669 (2.html]
[www.farmfundr.com/category/_https_/uploads-ssl.webflow.com/5e5717f541472a2c2b58bd84/5f4ec6880b295a86754b1cd7_1.html]
[www.farmfundr.com/category/_https_/uploads-ssl.webflow.com/5e5717f541472a2c2b58bd84/5f44554fcf6ebc559629bdf4_Blog Image - 100x669 (3.html]
[www.farmfundr.com/category/_https_/uploads-ssl.webflow.com/5e5717f541472a2c2b58bd84/5f3c6e0aed1602151d9bdaeb_Blog Image - 100x669 (2.html]
[www.farmfundr.com/category/_https_/uploads-ssl.webflow.com/5e5717f541472a2c2b58bd84/5f35a1c1d9a1460290f43102_Blog Image - 100x669 (1.html]
[www.farmfundr.com/blog/california-commodities-investment-outlook.html]
[www.farmfundr.com/category/_https_/uploads-ssl.webflow.com/5e5717f541472a2c2b58bd84/5f237876c81e6b803f21963e_Blog Image - 100x669.html]
[www.farmfundr.com/blog/inflation-hedge.html]
[www.farmfundr.com/category/_https_/uploads-ssl.webflow.com/5e5717f541472a2c2b58bd84/5f171d8202a9501fee1d8a36_HedgeAgainstInflation.html]
[www.farmfundr.com/category/_https_/uploads-ssl.webflow.com/5e5717f541472a2c2b58bd84/5ede8ba787a0cef199a78b5b_Copy of Copy of Untitled (1.html]
[www.farmfundr.com/blog/farmland-investing-during-economic-uncertainty.html]
[www.farmfundr.com/category/_https_/uploads-ssl.webflow.com/5e5717f541472a2c2b58bd84/5e82771ebf31bf55ef707555_FarmlandEconomy.html]
[www.farmfundr.com/category/_https_/uploads-ssl.webflow.com/5e5717f541472a2c2b58bd84/5e7165bb97c43efcb1d34d97_Blog Image - 100x669.html]
[www.farmfundr.com/category/_https_/uploads-ssl.webflow.com/5e5717f541472a2c2b58bd84/5e5ea3c439b80a15935fd74e_Farmer Flying drone.html]
[www.farmfundr.com/blog/wheres-all-the-capital-the-lack-of-finance-options-in-the-agriculture-world.html]
[www.farmfundr.com/category/_https_/uploads-ssl.webflow.com/5e5717f541472a2c2b58bd84/5e5ea3e3950e7f0b3c58fa03_Farmer Overlooking Corn Field.html]
[www.farmfundr.com/category/_https_/uploads-ssl.webflow.com/5e5717f541472a2c2b58bd84/5e5ea4aa27f16625befbf043_AnalyzingBusiness.html]
[www.farmfundr.com/blog/farmland-investment-due-diligence.html]
[www.farmfundr.com/category/_https_/uploads-ssl.webflow.com/5e5717f541472a2c2b58bd84/5e5ea17ceee582d9d1f255f5_Farmer on Phone with Icons surrounding.html]
[www.farmfundr.com/category/_https_/uploads-ssl.webflow.com/5e5717f541472a2c2b58bd84/5e5ea4ccf434f289b1967247_Two Farmers.html]
[www.farmfundr.com/blog/real-estate-investors-should-consider-farmland.html]
[www.farmfundr.com/category/_https_/uploads-ssl.webflow.com/5e5717f541472a2c2b58bd84/5e5ea3aa56e82fa888e7ec8f_Row Crop with Tree.html]
[www.farmfundr.com/category/_https_/uploads-ssl.webflow.com/5e5717f541472a2c2b58bd84/5e5ea338f9286d28f42d934d_Splitting Almonds.html]
[www.farmfundr.com/category/_https_/uploads-ssl.webflow.com/5e5717f541472a2c2b58bd84/5e5ea325950e7f35c758f6fd_Yellow Field Blue Sky.html]
[www.farmfundr.com/category/_https_/uploads-ssl.webflow.com/5e5717f541472a2c2b58bd84/5e5ea2faf9286d5e532d92f3_iphone charts indoor plants.html]
[www.farmfundr.com/category/_https_/uploads-ssl.webflow.com/5e5717f541472a2c2b58bd84/5e5ea2ae85ba3fecd2509294_Farmer and Investor in Citrus.html]
[www.farmfundr.com/category/_https_/uploads-ssl.webflow.com/5e5717f541472a2c2b58bd84/5e5ea278f9286d28dc2d9160_MoneyGrowinginTree.html]
[www.farmfundr.com/category/_https_/uploads-ssl.webflow.com/5e5717f541472a2c2b58bd84/5e5ea25af9286d60062d90d3_Farmer Touching Phone.html]
[www.farmfundr.com/category/_https_/uploads-ssl.webflow.com/5e5717f541472a2c2b58bd84/5e5ea222d4f70f0251114438_Coin and plant growing in dirt.html]
[www.farmfundr.com/blog/how-to-make-money-in-agriculture.html]
[www.farmfundr.com/category/_https_/uploads-ssl.webflow.com/5e5717f541472a2c2b58bd84/5e5ea2d12a556952d2d297c3_Money in Dirt in Hands.html]
[www.farmfundr.com/category/_https_/uploads-ssl.webflow.com/5e5717f541472a2c2b58bd84/5e5ea1c3c849543d5129e261_Four Fields Merge.html]
[www.farmfundr.com/category/_https_/uploads-ssl.webflow.com/5e5717f541472a2c2b58bd84/5e5ea19a552a60a57bcdd19c_Calculating_Taxes.html]
[www.farmfundr.com/_https_/uploads-ssl.webflow.com/5e5717f4fa858f1cafb8c9cc/5e59aa6b3fb2cc54b16ac082_Plowing Dirt Field-poster-00001.html]
[www.farmfundr.com/_https_/uploads-ssl.webflow.com/57bab4d00c7bdb623822fa70/587217d2e5fbe3505cbedf2e_Currency App-SD-poster-00001.html]
[www.farmfundr.com/why-farmland.html]
[www.farmfundr.com/blog/_https_/uploads-ssl.webflow.com/5e5717f541472a2c2b58bd84/5f4ec6880b295a86754b1cd7_1.html]
[www.farmfundr.com/blog/_https_/uploads-ssl.webflow.com/5e5717f541472a2c2b58bd84/5f44554fcf6ebc559629bdf4_Blog Image - 100x669 (3.html]
[www.farmfundr.com/blog/_https_/uploads-ssl.webflow.com/5e5717f541472a2c2b58bd84/5f3c6e0aed1602151d9bdaeb_Blog Image - 100x669 (2.html]
[www.farmfundr.com/blog/_https_/uploads-ssl.webflow.com/5e5717f541472a2c2b58bd84/5f35a1c1d9a1460290f43102_Blog Image - 100x669 (1.html]
[www.farmfundr.com/property/farmfundr-agricultural-investment-the-almonds.html]
[www.farmfundr.com/property/row-crop-farm.html]
[www.farmfundr.com/property/pistachio-development.html]
[www.farmfundr.com/blog/farmfundr-blog-opportunity-zones-agriculture-2019.html]
